<?xml version="1.0" ?>
<coverage version="7.11.0" timestamp="1761327687094" lines-valid="2565" lines-covered="432" line-rate="0.1684" branches-covered="0" branches-valid="0" branch-rate="0" complexity="0">
	<!-- Generated by coverage.py: https://coverage.readthedocs.io/en/7.11.0 -->
	<!-- Based on https://raw.githubusercontent.com/cobertura/web/master/htdocs/xml/coverage-04.dtd -->
	<sources>
		<source>/Users/hal/projects/mcp/servers/binance-mcp/src</source>
	</sources>
	<packages>
		<package name="." line-rate="0.1684" branch-rate="0" complexity="0">
			<classes>
				<class name="__init__.py" filename="__init__.py" complexity="0" line-rate="1" branch-rate="0">
					<methods/>
					<lines>
						<line number="3" hits="1"/>
						<line number="4" hits="1"/>
					</lines>
				</class>
				<class name="api.py" filename="api.py" complexity="0" line-rate="0" branch-rate="0">
					<methods/>
					<lines>
						<line number="3" hits="0"/>
						<line number="4" hits="0"/>
						<line number="5" hits="0"/>
						<line number="6" hits="0"/>
						<line number="7" hits="0"/>
						<line number="9" hits="0"/>
						<line number="18" hits="0"/>
						<line number="19" hits="0"/>
						<line number="20" hits="0"/>
						<line number="22" hits="0"/>
						<line number="23" hits="0"/>
						<line number="24" hits="0"/>
						<line number="70" hits="0"/>
						<line number="85" hits="0"/>
						<line number="86" hits="0"/>
						<line number="87" hits="0"/>
						<line number="88" hits="0"/>
						<line number="90" hits="0"/>
						<line number="91" hits="0"/>
						<line number="94" hits="0"/>
						<line number="95" hits="0"/>
						<line number="98" hits="0"/>
						<line number="99" hits="0"/>
						<line number="104" hits="0"/>
						<line number="105" hits="0"/>
						<line number="106" hits="0"/>
						<line number="109" hits="0"/>
						<line number="110" hits="0"/>
						<line number="111" hits="0"/>
						<line number="114" hits="0"/>
						<line number="115" hits="0"/>
						<line number="116" hits="0"/>
						<line number="119" hits="0"/>
						<line number="124" hits="0"/>
						<line number="125" hits="0"/>
						<line number="130" hits="0"/>
						<line number="131" hits="0"/>
						<line number="132" hits="0"/>
						<line number="135" hits="0"/>
						<line number="140" hits="0"/>
						<line number="141" hits="0"/>
						<line number="142" hits="0"/>
						<line number="147" hits="0"/>
						<line number="148" hits="0"/>
						<line number="149" hits="0"/>
						<line number="150" hits="0"/>
						<line number="155" hits="0"/>
						<line number="156" hits="0"/>
						<line number="157" hits="0"/>
						<line number="162" hits="0"/>
						<line number="163" hits="0"/>
						<line number="164" hits="0"/>
						<line number="169" hits="0"/>
						<line number="170" hits="0"/>
						<line number="173" hits="0"/>
						<line number="175" hits="0"/>
						<line number="176" hits="0"/>
						<line number="177" hits="0"/>
						<line number="179" hits="0"/>
						<line number="180" hits="0"/>
						<line number="183" hits="0"/>
						<line number="184" hits="0"/>
						<line number="185" hits="0"/>
						<line number="187" hits="0"/>
						<line number="194" hits="0"/>
						<line number="196" hits="0"/>
						<line number="197" hits="0"/>
						<line number="198" hits="0"/>
						<line number="199" hits="0"/>
						<line number="200" hits="0"/>
						<line number="201" hits="0"/>
						<line number="202" hits="0"/>
						<line number="204" hits="0"/>
						<line number="205" hits="0"/>
						<line number="206" hits="0"/>
						<line number="207" hits="0"/>
						<line number="210" hits="0"/>
						<line number="211" hits="0"/>
						<line number="213" hits="0"/>
						<line number="216" hits="0"/>
						<line number="219" hits="0"/>
						<line number="220" hits="0"/>
						<line number="222" hits="0"/>
						<line number="224" hits="0"/>
						<line number="230" hits="0"/>
						<line number="232" hits="0"/>
						<line number="233" hits="0"/>
						<line number="234" hits="0"/>
						<line number="235" hits="0"/>
						<line number="241" hits="0"/>
						<line number="243" hits="0"/>
						<line number="255" hits="0"/>
						<line number="256" hits="0"/>
						<line number="264" hits="0"/>
						<line number="266" hits="0"/>
						<line number="267" hits="0"/>
						<line number="269" hits="0"/>
						<line number="271" hits="0"/>
						<line number="277" hits="0"/>
						<line number="279" hits="0"/>
						<line number="280" hits="0"/>
						<line number="281" hits="0"/>
						<line number="282" hits="0"/>
						<line number="284" hits="0"/>
						<line number="285" hits="0"/>
						<line number="302" hits="0"/>
						<line number="308" hits="0"/>
						<line number="310" hits="0"/>
						<line number="312" hits="0"/>
						<line number="318" hits="0"/>
						<line number="320" hits="0"/>
						<line number="322" hits="0"/>
						<line number="328" hits="0"/>
						<line number="332" hits="0"/>
						<line number="335" hits="0"/>
						<line number="341" hits="0"/>
						<line number="345" hits="0"/>
						<line number="347" hits="0"/>
						<line number="353" hits="0"/>
						<line number="357" hits="0"/>
						<line number="359" hits="0"/>
						<line number="365" hits="0"/>
						<line number="370" hits="0"/>
						<line number="372" hits="0"/>
						<line number="378" hits="0"/>
						<line number="386" hits="0"/>
						<line number="388" hits="0"/>
						<line number="394" hits="0"/>
						<line number="398" hits="0"/>
						<line number="400" hits="0"/>
						<line number="401" hits="0"/>
						<line number="406" hits="0"/>
						<line number="407" hits="0"/>
						<line number="410" hits="0"/>
						<line number="416" hits="0"/>
						<line number="420" hits="0"/>
						<line number="422" hits="0"/>
						<line number="428" hits="0"/>
						<line number="433" hits="0"/>
						<line number="435" hits="0"/>
						<line number="441" hits="0"/>
						<line number="446" hits="0"/>
						<line number="449" hits="0"/>
						<line number="455" hits="0"/>
						<line number="460" hits="0"/>
						<line number="462" hits="0"/>
						<line number="468" hits="0"/>
						<line number="476" hits="0"/>
						<line number="480" hits="0"/>
						<line number="486" hits="0"/>
						<line number="490" hits="0"/>
						<line number="492" hits="0"/>
						<line number="498" hits="0"/>
						<line number="506" hits="0"/>
						<line number="510" hits="0"/>
						<line number="516" hits="0"/>
						<line number="520" hits="0"/>
						<line number="522" hits="0"/>
						<line number="528" hits="0"/>
						<line number="532" hits="0"/>
						<line number="534" hits="0"/>
						<line number="540" hits="0"/>
						<line number="547" hits="0"/>
						<line number="551" hits="0"/>
						<line number="557" hits="0"/>
						<line number="561" hits="0"/>
						<line number="564" hits="0"/>
						<line number="570" hits="0"/>
						<line number="574" hits="0"/>
						<line number="576" hits="0"/>
						<line number="582" hits="0"/>
						<line number="586" hits="0"/>
						<line number="588" hits="0"/>
						<line number="594" hits="0"/>
						<line number="596" hits="0"/>
						<line number="599" hits="0"/>
						<line number="605" hits="0"/>
						<line number="609" hits="0"/>
						<line number="613" hits="0"/>
						<line number="619" hits="0"/>
						<line number="627" hits="0"/>
						<line number="631" hits="0"/>
						<line number="637" hits="0"/>
						<line number="641" hits="0"/>
						<line number="649" hits="0"/>
						<line number="655" hits="0"/>
						<line number="658" hits="0"/>
						<line number="666" hits="0"/>
						<line number="668" hits="0"/>
						<line number="674" hits="0"/>
						<line number="677" hits="0"/>
						<line number="684" hits="0"/>
						<line number="686" hits="0"/>
						<line number="687" hits="0"/>
						<line number="688" hits="0"/>
						<line number="691" hits="0"/>
						<line number="693" hits="0"/>
						<line number="699" hits="0"/>
						<line number="701" hits="0"/>
						<line number="703" hits="0"/>
						<line number="706" hits="0"/>
						<line number="708" hits="0"/>
						<line number="710" hits="0"/>
						<line number="716" hits="0"/>
						<line number="718" hits="0"/>
						<line number="720" hits="0"/>
						<line number="725" hits="0"/>
						<line number="727" hits="0"/>
						<line number="729" hits="0"/>
						<line number="735" hits="0"/>
						<line number="739" hits="0"/>
						<line number="741" hits="0"/>
						<line number="747" hits="0"/>
						<line number="749" hits="0"/>
						<line number="751" hits="0"/>
						<line number="757" hits="0"/>
						<line number="759" hits="0"/>
						<line number="761" hits="0"/>
						<line number="767" hits="0"/>
						<line number="771" hits="0"/>
						<line number="773" hits="0"/>
						<line number="779" hits="0"/>
						<line number="785" hits="0"/>
						<line number="787" hits="0"/>
						<line number="793" hits="0"/>
						<line number="797" hits="0"/>
						<line number="801" hits="0"/>
						<line number="807" hits="0"/>
						<line number="811" hits="0"/>
						<line number="813" hits="0"/>
						<line number="819" hits="0"/>
						<line number="821" hits="0"/>
						<line number="823" hits="0"/>
						<line number="829" hits="0"/>
						<line number="831" hits="0"/>
						<line number="835" hits="0"/>
						<line number="841" hits="0"/>
						<line number="845" hits="0"/>
						<line number="849" hits="0"/>
						<line number="855" hits="0"/>
						<line number="857" hits="0"/>
						<line number="861" hits="0"/>
						<line number="866" hits="0"/>
						<line number="868" hits="0"/>
						<line number="873" hits="0"/>
						<line number="874" hits="0"/>
						<line number="876" hits="0"/>
						<line number="881" hits="0"/>
						<line number="883" hits="0"/>
						<line number="884" hits="0"/>
						<line number="886" hits="0"/>
						<line number="892" hits="0"/>
						<line number="896" hits="0"/>
						<line number="898" hits="0"/>
						<line number="904" hits="0"/>
						<line number="908" hits="0"/>
						<line number="910" hits="0"/>
						<line number="916" hits="0"/>
						<line number="918" hits="0"/>
						<line number="920" hits="0"/>
						<line number="921" hits="0"/>
						<line number="922" hits="0"/>
						<line number="923" hits="0"/>
						<line number="924" hits="0"/>
						<line number="925" hits="0"/>
						<line number="926" hits="0"/>
						<line number="927" hits="0"/>
						<line number="930" hits="0"/>
						<line number="931" hits="0"/>
						<line number="932" hits="0"/>
						<line number="937" hits="0"/>
						<line number="938" hits="0"/>
						<line number="941" hits="0"/>
						<line number="942" hits="0"/>
						<line number="943" hits="0"/>
						<line number="944" hits="0"/>
						<line number="945" hits="0"/>
						<line number="946" hits="0"/>
						<line number="949" hits="0"/>
						<line number="950" hits="0"/>
						<line number="951" hits="0"/>
						<line number="956" hits="0"/>
						<line number="957" hits="0"/>
						<line number="958" hits="0"/>
						<line number="959" hits="0"/>
						<line number="960" hits="0"/>
						<line number="961" hits="0"/>
						<line number="962" hits="0"/>
						<line number="965" hits="0"/>
						<line number="968" hits="0"/>
						<line number="969" hits="0"/>
						<line number="970" hits="0"/>
						<line number="977" hits="0"/>
					</lines>
				</class>
				<class name="cache.py" filename="cache.py" complexity="0" line-rate="0" branch-rate="0">
					<methods/>
					<lines>
						<line number="3" hits="0"/>
						<line number="5" hits="0"/>
						<line number="6" hits="0"/>
						<line number="7" hits="0"/>
						<line number="9" hits="0"/>
						<line number="11" hits="0"/>
						<line number="13" hits="0"/>
						<line number="15" hits="0"/>
						<line number="18" hits="0"/>
						<line number="20" hits="0"/>
						<line number="21" hits="0"/>
						<line number="22" hits="0"/>
						<line number="23" hits="0"/>
						<line number="24" hits="0"/>
						<line number="25" hits="0"/>
						<line number="28" hits="0"/>
						<line number="31" hits="0"/>
						<line number="32" hits="0"/>
						<line number="33" hits="0"/>
						<line number="34" hits="0"/>
						<line number="35" hits="0"/>
						<line number="37" hits="0"/>
						<line number="40" hits="0"/>
						<line number="41" hits="0"/>
						<line number="42" hits="0"/>
						<line number="43" hits="0"/>
						<line number="44" hits="0"/>
						<line number="45" hits="0"/>
						<line number="46" hits="0"/>
						<line number="47" hits="0"/>
						<line number="48" hits="0"/>
						<line number="49" hits="0"/>
						<line number="50" hits="0"/>
						<line number="51" hits="0"/>
						<line number="52" hits="0"/>
						<line number="53" hits="0"/>
						<line number="54" hits="0"/>
						<line number="55" hits="0"/>
						<line number="58" hits="0"/>
						<line number="59" hits="0"/>
						<line number="60" hits="0"/>
						<line number="61" hits="0"/>
						<line number="62" hits="0"/>
						<line number="63" hits="0"/>
						<line number="64" hits="0"/>
						<line number="65" hits="0"/>
						<line number="66" hits="0"/>
						<line number="67" hits="0"/>
						<line number="70" hits="0"/>
						<line number="72" hits="0"/>
						<line number="73" hits="0"/>
						<line number="74" hits="0"/>
						<line number="75" hits="0"/>
						<line number="76" hits="0"/>
						<line number="77" hits="0"/>
						<line number="82" hits="0"/>
						<line number="83" hits="0"/>
						<line number="84" hits="0"/>
						<line number="85" hits="0"/>
						<line number="88" hits="0"/>
					</lines>
				</class>
				<class name="client.py" filename="client.py" complexity="0" line-rate="0" branch-rate="0">
					<methods/>
					<lines>
						<line number="3" hits="0"/>
						<line number="4" hits="0"/>
						<line number="5" hits="0"/>
						<line number="7" hits="0"/>
						<line number="9" hits="0"/>
						<line number="11" hits="0"/>
						<line number="14" hits="0"/>
						<line number="15" hits="0"/>
						<line number="17" hits="0"/>
						<line number="19" hits="0"/>
						<line number="20" hits="0"/>
						<line number="21" hits="0"/>
						<line number="25" hits="0"/>
						<line number="26" hits="0"/>
						<line number="27" hits="0"/>
						<line number="28" hits="0"/>
						<line number="29" hits="0"/>
						<line number="33" hits="0"/>
						<line number="35" hits="0"/>
						<line number="41" hits="0"/>
						<line number="42" hits="0"/>
						<line number="44" hits="0"/>
						<line number="49" hits="0"/>
						<line number="51" hits="0"/>
						<line number="52" hits="0"/>
					</lines>
				</class>
				<class name="config.py" filename="config.py" complexity="0" line-rate="0" branch-rate="0">
					<methods/>
					<lines>
						<line number="3" hits="0"/>
						<line number="4" hits="0"/>
						<line number="5" hits="0"/>
						<line number="6" hits="0"/>
						<line number="8" hits="0"/>
						<line number="10" hits="0"/>
						<line number="13" hits="0"/>
						<line number="14" hits="0"/>
						<line number="18" hits="0"/>
						<line number="19" hits="0"/>
						<line number="20" hits="0"/>
						<line number="21" hits="0"/>
						<line number="24" hits="0"/>
						<line number="27" hits="0"/>
						<line number="28" hits="0"/>
						<line number="31" hits="0"/>
						<line number="32" hits="0"/>
						<line number="35" hits="0"/>
						<line number="36" hits="0"/>
						<line number="37" hits="0"/>
						<line number="40" hits="0"/>
						<line number="41" hits="0"/>
						<line number="42" hits="0"/>
						<line number="43" hits="0"/>
						<line number="44" hits="0"/>
						<line number="45" hits="0"/>
						<line number="48" hits="0"/>
						<line number="49" hits="0"/>
						<line number="50" hits="0"/>
						<line number="51" hits="0"/>
						<line number="52" hits="0"/>
						<line number="53" hits="0"/>
						<line number="54" hits="0"/>
						<line number="56" hits="0"/>
						<line number="57" hits="0"/>
						<line number="59" hits="0"/>
						<line number="61" hits="0"/>
						<line number="62" hits="0"/>
						<line number="64" hits="0"/>
						<line number="65" hits="0"/>
						<line number="66" hits="0"/>
						<line number="67" hits="0"/>
						<line number="69" hits="0"/>
						<line number="70" hits="0"/>
						<line number="72" hits="0"/>
						<line number="73" hits="0"/>
						<line number="74" hits="0"/>
						<line number="75" hits="0"/>
						<line number="77" hits="0"/>
						<line number="78" hits="0"/>
						<line number="80" hits="0"/>
						<line number="82" hits="0"/>
						<line number="83" hits="0"/>
						<line number="85" hits="0"/>
						<line number="92" hits="0"/>
						<line number="93" hits="0"/>
						<line number="96" hits="0"/>
						<line number="97" hits="0"/>
						<line number="100" hits="0"/>
						<line number="101" hits="0"/>
						<line number="104" hits="0"/>
						<line number="112" hits="0"/>
						<line number="113" hits="0"/>
						<line number="116" hits="0"/>
						<line number="117" hits="0"/>
						<line number="119" hits="0"/>
						<line number="125" hits="0"/>
						<line number="126" hits="0"/>
						<line number="127" hits="0"/>
						<line number="128" hits="0"/>
						<line number="130" hits="0"/>
						<line number="136" hits="0"/>
						<line number="137" hits="0"/>
						<line number="138" hits="0"/>
						<line number="139" hits="0"/>
						<line number="140" hits="0"/>
						<line number="143" hits="0"/>
						<line number="144" hits="0"/>
						<line number="145" hits="0"/>
						<line number="149" hits="0"/>
						<line number="150" hits="0"/>
						<line number="155" hits="0"/>
						<line number="161" hits="0"/>
						<line number="162" hits="0"/>
						<line number="164" hits="0"/>
					</lines>
				</class>
				<class name="logging_config.py" filename="logging_config.py" complexity="0" line-rate="0" branch-rate="0">
					<methods/>
					<lines>
						<line number="3" hits="0"/>
						<line number="5" hits="0"/>
						<line number="6" hits="0"/>
						<line number="8" hits="0"/>
						<line number="10" hits="0"/>
						<line number="13" hits="0"/>
						<line number="15" hits="0"/>
						<line number="16" hits="0"/>
						<line number="18" hits="0"/>
						<line number="23" hits="0"/>
						<line number="36" hits="0"/>
						<line number="39" hits="0"/>
					</lines>
				</class>
				<class name="models.py" filename="models.py" complexity="0" line-rate="1" branch-rate="0">
					<methods/>
					<lines>
						<line number="3" hits="1"/>
						<line number="4" hits="1"/>
						<line number="7" hits="1"/>
						<line number="10" hits="1"/>
						<line number="11" hits="1"/>
						<line number="12" hits="1"/>
						<line number="13" hits="1"/>
						<line number="14" hits="1"/>
						<line number="15" hits="1"/>
						<line number="16" hits="1"/>
						<line number="19" hits="1"/>
						<line number="22" hits="1"/>
						<line number="23" hits="1"/>
						<line number="24" hits="1"/>
						<line number="25" hits="1"/>
						<line number="28" hits="1"/>
						<line number="31" hits="1"/>
						<line number="32" hits="1"/>
						<line number="35" hits="1"/>
						<line number="38" hits="1"/>
						<line number="39" hits="1"/>
						<line number="40" hits="1"/>
						<line number="41" hits="1"/>
						<line number="42" hits="1"/>
						<line number="43" hits="1"/>
						<line number="44" hits="1"/>
						<line number="45" hits="1"/>
						<line number="46" hits="1"/>
						<line number="49" hits="1"/>
						<line number="52" hits="1"/>
						<line number="53" hits="1"/>
						<line number="56" hits="1"/>
						<line number="59" hits="1"/>
						<line number="60" hits="1"/>
						<line number="61" hits="1"/>
						<line number="62" hits="1"/>
						<line number="63" hits="1"/>
						<line number="64" hits="1"/>
						<line number="67" hits="1"/>
						<line number="70" hits="1"/>
						<line number="71" hits="1"/>
						<line number="72" hits="1"/>
						<line number="73" hits="1"/>
						<line number="74" hits="1"/>
						<line number="75" hits="1"/>
						<line number="76" hits="1"/>
						<line number="79" hits="1"/>
						<line number="82" hits="1"/>
						<line number="83" hits="1"/>
						<line number="84" hits="1"/>
						<line number="85" hits="1"/>
						<line number="88" hits="1"/>
						<line number="91" hits="1"/>
						<line number="92" hits="1"/>
						<line number="93" hits="1"/>
						<line number="94" hits="1"/>
						<line number="95" hits="1"/>
						<line number="96" hits="1"/>
						<line number="97" hits="1"/>
						<line number="98" hits="1"/>
						<line number="101" hits="1"/>
						<line number="104" hits="1"/>
						<line number="105" hits="1"/>
						<line number="106" hits="1"/>
						<line number="107" hits="1"/>
						<line number="108" hits="1"/>
						<line number="109" hits="1"/>
						<line number="110" hits="1"/>
						<line number="111" hits="1"/>
						<line number="112" hits="1"/>
						<line number="115" hits="1"/>
						<line number="118" hits="1"/>
						<line number="119" hits="1"/>
						<line number="120" hits="1"/>
						<line number="121" hits="1"/>
						<line number="122" hits="1"/>
						<line number="125" hits="1"/>
						<line number="128" hits="1"/>
						<line number="129" hits="1"/>
						<line number="130" hits="1"/>
						<line number="133" hits="1"/>
						<line number="136" hits="1"/>
						<line number="137" hits="1"/>
						<line number="138" hits="1"/>
						<line number="139" hits="1"/>
						<line number="140" hits="1"/>
						<line number="141" hits="1"/>
						<line number="144" hits="1"/>
						<line number="147" hits="1"/>
						<line number="148" hits="1"/>
						<line number="151" hits="1"/>
						<line number="154" hits="1"/>
						<line number="155" hits="1"/>
						<line number="156" hits="1"/>
						<line number="159" hits="1"/>
						<line number="162" hits="1"/>
						<line number="163" hits="1"/>
						<line number="164" hits="1"/>
						<line number="165" hits="1"/>
						<line number="166" hits="1"/>
						<line number="169" hits="1"/>
						<line number="170" hits="1"/>
						<line number="171" hits="1"/>
						<line number="172" hits="1"/>
						<line number="173" hits="1"/>
						<line number="176" hits="1"/>
						<line number="177" hits="1"/>
						<line number="178" hits="1"/>
						<line number="179" hits="1"/>
						<line number="182" hits="1"/>
						<line number="183" hits="1"/>
						<line number="184" hits="1"/>
						<line number="185" hits="1"/>
						<line number="186" hits="1"/>
						<line number="187" hits="1"/>
						<line number="190" hits="1"/>
						<line number="191" hits="1"/>
						<line number="192" hits="1"/>
						<line number="193" hits="1"/>
						<line number="196" hits="1"/>
						<line number="197" hits="1"/>
						<line number="198" hits="1"/>
						<line number="201" hits="1"/>
						<line number="204" hits="1"/>
						<line number="205" hits="1"/>
						<line number="206" hits="1"/>
						<line number="207" hits="1"/>
						<line number="208" hits="1"/>
						<line number="211" hits="1"/>
						<line number="214" hits="1"/>
						<line number="215" hits="1"/>
						<line number="218" hits="1"/>
						<line number="221" hits="1"/>
						<line number="222" hits="1"/>
						<line number="223" hits="1"/>
						<line number="224" hits="1"/>
						<line number="225" hits="1"/>
						<line number="226" hits="1"/>
						<line number="227" hits="1"/>
						<line number="228" hits="1"/>
						<line number="229" hits="1"/>
						<line number="232" hits="1"/>
						<line number="235" hits="1"/>
						<line number="236" hits="1"/>
						<line number="237" hits="1"/>
						<line number="238" hits="1"/>
						<line number="239" hits="1"/>
						<line number="242" hits="1"/>
						<line number="245" hits="1"/>
						<line number="246" hits="1"/>
						<line number="247" hits="1"/>
						<line number="248" hits="1"/>
						<line number="249" hits="1"/>
						<line number="250" hits="1"/>
						<line number="253" hits="1"/>
						<line number="256" hits="1"/>
						<line number="257" hits="1"/>
						<line number="258" hits="1"/>
						<line number="259" hits="1"/>
						<line number="260" hits="1"/>
						<line number="261" hits="1"/>
						<line number="262" hits="1"/>
						<line number="263" hits="1"/>
						<line number="264" hits="1"/>
						<line number="267" hits="1"/>
						<line number="270" hits="1"/>
						<line number="271" hits="1"/>
						<line number="272" hits="1"/>
						<line number="273" hits="1"/>
						<line number="274" hits="1"/>
						<line number="275" hits="1"/>
						<line number="276" hits="1"/>
						<line number="277" hits="1"/>
						<line number="278" hits="1"/>
						<line number="279" hits="1"/>
						<line number="280" hits="1"/>
						<line number="283" hits="1"/>
						<line number="286" hits="1"/>
						<line number="287" hits="1"/>
						<line number="288" hits="1"/>
						<line number="289" hits="1"/>
						<line number="290" hits="1"/>
						<line number="291" hits="1"/>
						<line number="292" hits="1"/>
						<line number="293" hits="1"/>
						<line number="294" hits="1"/>
						<line number="295" hits="1"/>
						<line number="298" hits="1"/>
						<line number="301" hits="1"/>
						<line number="302" hits="1"/>
						<line number="303" hits="1"/>
						<line number="304" hits="1"/>
						<line number="305" hits="1"/>
						<line number="306" hits="1"/>
						<line number="307" hits="1"/>
						<line number="308" hits="1"/>
						<line number="309" hits="1"/>
						<line number="310" hits="1"/>
						<line number="311" hits="1"/>
						<line number="312" hits="1"/>
						<line number="315" hits="1"/>
						<line number="318" hits="1"/>
						<line number="319" hits="1"/>
						<line number="320" hits="1"/>
						<line number="321" hits="1"/>
						<line number="322" hits="1"/>
						<line number="323" hits="1"/>
						<line number="324" hits="1"/>
						<line number="325" hits="1"/>
						<line number="326" hits="1"/>
						<line number="327" hits="1"/>
						<line number="330" hits="1"/>
						<line number="333" hits="1"/>
						<line number="334" hits="1"/>
						<line number="335" hits="1"/>
						<line number="336" hits="1"/>
						<line number="337" hits="1"/>
						<line number="340" hits="1"/>
						<line number="343" hits="1"/>
						<line number="344" hits="1"/>
						<line number="345" hits="1"/>
						<line number="346" hits="1"/>
						<line number="347" hits="1"/>
						<line number="348" hits="1"/>
						<line number="351" hits="1"/>
						<line number="354" hits="1"/>
						<line number="357" hits="1"/>
						<line number="360" hits="1"/>
						<line number="363" hits="1"/>
						<line number="366" hits="1"/>
						<line number="367" hits="1"/>
						<line number="368" hits="1"/>
						<line number="369" hits="1"/>
						<line number="370" hits="1"/>
						<line number="371" hits="1"/>
						<line number="372" hits="1"/>
						<line number="373" hits="1"/>
						<line number="374" hits="1"/>
						<line number="375" hits="1"/>
						<line number="378" hits="1"/>
						<line number="381" hits="1"/>
						<line number="382" hits="1"/>
						<line number="383" hits="1"/>
						<line number="384" hits="1"/>
						<line number="385" hits="1"/>
						<line number="386" hits="1"/>
						<line number="387" hits="1"/>
						<line number="388" hits="1"/>
						<line number="389" hits="1"/>
						<line number="392" hits="1"/>
						<line number="395" hits="1"/>
						<line number="396" hits="1"/>
						<line number="397" hits="1"/>
						<line number="398" hits="1"/>
						<line number="399" hits="1"/>
						<line number="402" hits="1"/>
						<line number="405" hits="1"/>
						<line number="406" hits="1"/>
						<line number="409" hits="1"/>
						<line number="412" hits="1"/>
						<line number="413" hits="1"/>
						<line number="414" hits="1"/>
						<line number="415" hits="1"/>
						<line number="416" hits="1"/>
						<line number="417" hits="1"/>
						<line number="418" hits="1"/>
						<line number="419" hits="1"/>
						<line number="420" hits="1"/>
						<line number="421" hits="1"/>
						<line number="422" hits="1"/>
						<line number="423" hits="1"/>
						<line number="424" hits="1"/>
						<line number="427" hits="1"/>
						<line number="430" hits="1"/>
						<line number="431" hits="1"/>
						<line number="432" hits="1"/>
						<line number="433" hits="1"/>
						<line number="434" hits="1"/>
						<line number="435" hits="1"/>
						<line number="436" hits="1"/>
						<line number="437" hits="1"/>
						<line number="438" hits="1"/>
						<line number="439" hits="1"/>
						<line number="440" hits="1"/>
						<line number="441" hits="1"/>
						<line number="444" hits="1"/>
						<line number="447" hits="1"/>
						<line number="448" hits="1"/>
						<line number="449" hits="1"/>
						<line number="452" hits="1"/>
						<line number="455" hits="1"/>
						<line number="458" hits="1"/>
						<line number="461" hits="1"/>
						<line number="464" hits="1"/>
						<line number="467" hits="1"/>
						<line number="468" hits="1"/>
						<line number="469" hits="1"/>
						<line number="470" hits="1"/>
						<line number="471" hits="1"/>
						<line number="472" hits="1"/>
						<line number="473" hits="1"/>
						<line number="474" hits="1"/>
						<line number="475" hits="1"/>
						<line number="478" hits="1"/>
						<line number="481" hits="1"/>
						<line number="482" hits="1"/>
						<line number="483" hits="1"/>
						<line number="484" hits="1"/>
						<line number="485" hits="1"/>
						<line number="486" hits="1"/>
						<line number="489" hits="1"/>
						<line number="492" hits="1"/>
						<line number="493" hits="1"/>
						<line number="494" hits="1"/>
						<line number="495" hits="1"/>
						<line number="498" hits="1"/>
						<line number="501" hits="1"/>
						<line number="502" hits="1"/>
						<line number="503" hits="1"/>
						<line number="504" hits="1"/>
						<line number="507" hits="1"/>
						<line number="510" hits="1"/>
						<line number="511" hits="1"/>
						<line number="512" hits="1"/>
						<line number="513" hits="1"/>
						<line number="514" hits="1"/>
						<line number="515" hits="1"/>
						<line number="516" hits="1"/>
						<line number="517" hits="1"/>
						<line number="518" hits="1"/>
						<line number="519" hits="1"/>
						<line number="520" hits="1"/>
						<line number="523" hits="1"/>
						<line number="526" hits="1"/>
						<line number="527" hits="1"/>
						<line number="528" hits="1"/>
						<line number="531" hits="1"/>
						<line number="534" hits="1"/>
						<line number="535" hits="1"/>
						<line number="536" hits="1"/>
						<line number="537" hits="1"/>
						<line number="541" hits="1"/>
						<line number="544" hits="1"/>
						<line number="547" hits="1"/>
						<line number="550" hits="1"/>
						<line number="553" hits="1"/>
						<line number="556" hits="1"/>
						<line number="559" hits="1"/>
						<line number="562" hits="1"/>
						<line number="563" hits="1"/>
						<line number="564" hits="1"/>
						<line number="565" hits="1"/>
						<line number="568" hits="1"/>
						<line number="571" hits="1"/>
						<line number="574" hits="1"/>
						<line number="577" hits="1"/>
						<line number="578" hits="1"/>
						<line number="581" hits="1"/>
						<line number="584" hits="1"/>
						<line number="585" hits="1"/>
						<line number="586" hits="1"/>
						<line number="587" hits="1"/>
						<line number="590" hits="1"/>
						<line number="593" hits="1"/>
						<line number="594" hits="1"/>
						<line number="595" hits="1"/>
						<line number="596" hits="1"/>
						<line number="599" hits="1"/>
						<line number="602" hits="1"/>
						<line number="603" hits="1"/>
						<line number="604" hits="1"/>
						<line number="607" hits="1"/>
						<line number="610" hits="1"/>
						<line number="611" hits="1"/>
						<line number="612" hits="1"/>
						<line number="613" hits="1"/>
						<line number="614" hits="1"/>
						<line number="617" hits="1"/>
						<line number="620" hits="1"/>
						<line number="621" hits="1"/>
						<line number="622" hits="1"/>
						<line number="623" hits="1"/>
						<line number="624" hits="1"/>
						<line number="628" hits="1"/>
						<line number="631" hits="1"/>
						<line number="632" hits="1"/>
						<line number="633" hits="1"/>
						<line number="634" hits="1"/>
						<line number="637" hits="1"/>
						<line number="640" hits="1"/>
						<line number="641" hits="1"/>
						<line number="642" hits="1"/>
						<line number="643" hits="1"/>
						<line number="644" hits="1"/>
						<line number="645" hits="1"/>
						<line number="646" hits="1"/>
						<line number="649" hits="1"/>
						<line number="652" hits="1"/>
						<line number="653" hits="1"/>
						<line number="654" hits="1"/>
						<line number="655" hits="1"/>
						<line number="658" hits="1"/>
						<line number="661" hits="1"/>
						<line number="662" hits="1"/>
						<line number="663" hits="1"/>
						<line number="664" hits="1"/>
						<line number="667" hits="1"/>
						<line number="670" hits="1"/>
						<line number="673" hits="1"/>
						<line number="674" hits="1"/>
						<line number="675" hits="1"/>
						<line number="678" hits="1"/>
						<line number="681" hits="1"/>
						<line number="682" hits="1"/>
						<line number="683" hits="1"/>
						<line number="684" hits="1"/>
						<line number="685" hits="1"/>
						<line number="686" hits="1"/>
						<line number="687" hits="1"/>
						<line number="688" hits="1"/>
						<line number="691" hits="1"/>
						<line number="694" hits="1"/>
						<line number="695" hits="1"/>
						<line number="696" hits="1"/>
						<line number="697" hits="1"/>
						<line number="700" hits="1"/>
						<line number="703" hits="1"/>
						<line number="704" hits="1"/>
						<line number="705" hits="1"/>
						<line number="706" hits="1"/>
					</lines>
				</class>
				<class name="risk_tools.py" filename="risk_tools.py" complexity="0" line-rate="0" branch-rate="0">
					<methods/>
					<lines>
						<line number="3" hits="0"/>
						<line number="5" hits="0"/>
						<line number="6" hits="0"/>
						<line number="8" hits="0"/>
						<line number="10" hits="0"/>
						<line number="13" hits="0"/>
						<line number="14" hits="0"/>
						<line number="15" hits="0"/>
						<line number="16" hits="0"/>
						<line number="17" hits="0"/>
						<line number="18" hits="0"/>
						<line number="21" hits="0"/>
						<line number="22" hits="0"/>
						<line number="23" hits="0"/>
						<line number="24" hits="0"/>
						<line number="25" hits="0"/>
						<line number="28" hits="0"/>
						<line number="29" hits="0"/>
						<line number="32" hits="0"/>
						<line number="33" hits="0"/>
						<line number="34" hits="0"/>
						<line number="35" hits="0"/>
						<line number="36" hits="0"/>
						<line number="37" hits="0"/>
						<line number="38" hits="0"/>
						<line number="41" hits="0"/>
						<line number="42" hits="0"/>
						<line number="43" hits="0"/>
						<line number="44" hits="0"/>
						<line number="45" hits="0"/>
						<line number="46" hits="0"/>
						<line number="47" hits="0"/>
						<line number="52" hits="0"/>
						<line number="53" hits="0"/>
						<line number="54" hits="0"/>
						<line number="55" hits="0"/>
						<line number="56" hits="0"/>
						<line number="58" hits="0"/>
						<line number="59" hits="0"/>
						<line number="60" hits="0"/>
						<line number="61" hits="0"/>
						<line number="62" hits="0"/>
						<line number="65" hits="0"/>
						<line number="68" hits="0"/>
						<line number="69" hits="0"/>
						<line number="70" hits="0"/>
						<line number="71" hits="0"/>
						<line number="72" hits="0"/>
						<line number="73" hits="0"/>
						<line number="74" hits="0"/>
						<line number="75" hits="0"/>
						<line number="76" hits="0"/>
						<line number="77" hits="0"/>
						<line number="78" hits="0"/>
						<line number="80" hits="0"/>
						<line number="81" hits="0"/>
						<line number="82" hits="0"/>
						<line number="83" hits="0"/>
						<line number="84" hits="0"/>
						<line number="87" hits="0"/>
						<line number="88" hits="0"/>
						<line number="89" hits="0"/>
						<line number="90" hits="0"/>
						<line number="91" hits="0"/>
						<line number="92" hits="0"/>
						<line number="93" hits="0"/>
						<line number="96" hits="0"/>
					</lines>
				</class>
				<class name="services.py" filename="services.py" complexity="0" line-rate="0" branch-rate="0">
					<methods/>
					<lines>
						<line number="3" hits="0"/>
						<line number="4" hits="0"/>
						<line number="5" hits="0"/>
						<line number="6" hits="0"/>
						<line number="7" hits="0"/>
						<line number="8" hits="0"/>
						<line number="10" hits="0"/>
						<line number="12" hits="0"/>
						<line number="13" hits="0"/>
						<line number="15" hits="0"/>
						<line number="16" hits="0"/>
						<line number="17" hits="0"/>
						<line number="75" hits="0"/>
						<line number="76" hits="0"/>
						<line number="84" hits="0"/>
						<line number="86" hits="0"/>
						<line number="88" hits="0"/>
						<line number="91" hits="0"/>
						<line number="93" hits="0"/>
						<line number="94" hits="0"/>
						<line number="95" hits="0"/>
						<line number="96" hits="0"/>
						<line number="99" hits="0"/>
						<line number="100" hits="0"/>
						<line number="101" hits="0"/>
						<line number="108" hits="0"/>
						<line number="112" hits="0"/>
						<line number="113" hits="0"/>
						<line number="114" hits="0"/>
						<line number="115" hits="0"/>
						<line number="116" hits="0"/>
						<line number="117" hits="0"/>
						<line number="118" hits="0"/>
						<line number="122" hits="0"/>
						<line number="127" hits="0"/>
						<line number="130" hits="0"/>
						<line number="132" hits="0"/>
						<line number="133" hits="0"/>
						<line number="134" hits="0"/>
						<line number="135" hits="0"/>
						<line number="136" hits="0"/>
						<line number="137" hits="0"/>
						<line number="138" hits="0"/>
						<line number="139" hits="0"/>
						<line number="143" hits="0"/>
						<line number="145" hits="0"/>
						<line number="146" hits="0"/>
						<line number="147" hits="0"/>
						<line number="148" hits="0"/>
						<line number="149" hits="0"/>
						<line number="150" hits="0"/>
						<line number="151" hits="0"/>
						<line number="152" hits="0"/>
						<line number="153" hits="0"/>
						<line number="154" hits="0"/>
						<line number="156" hits="0"/>
						<line number="157" hits="0"/>
						<line number="158" hits="0"/>
						<line number="159" hits="0"/>
						<line number="160" hits="0"/>
						<line number="161" hits="0"/>
						<line number="166" hits="0"/>
						<line number="171" hits="0"/>
						<line number="172" hits="0"/>
						<line number="173" hits="0"/>
						<line number="176" hits="0"/>
						<line number="178" hits="0"/>
						<line number="179" hits="0"/>
						<line number="180" hits="0"/>
						<line number="183" hits="0"/>
						<line number="184" hits="0"/>
						<line number="192" hits="0"/>
						<line number="193" hits="0"/>
						<line number="196" hits="0"/>
						<line number="198" hits="0"/>
						<line number="199" hits="0"/>
						<line number="200" hits="0"/>
						<line number="201" hits="0"/>
						<line number="202" hits="0"/>
						<line number="206" hits="0"/>
						<line number="207" hits="0"/>
						<line number="210" hits="0"/>
						<line number="214" hits="0"/>
						<line number="215" hits="0"/>
						<line number="216" hits="0"/>
						<line number="218" hits="0"/>
						<line number="219" hits="0"/>
						<line number="220" hits="0"/>
						<line number="221" hits="0"/>
						<line number="222" hits="0"/>
						<line number="223" hits="0"/>
						<line number="224" hits="0"/>
						<line number="225" hits="0"/>
						<line number="226" hits="0"/>
						<line number="227" hits="0"/>
						<line number="228" hits="0"/>
						<line number="229" hits="0"/>
						<line number="230" hits="0"/>
						<line number="231" hits="0"/>
						<line number="232" hits="0"/>
						<line number="233" hits="0"/>
						<line number="234" hits="0"/>
						<line number="235" hits="0"/>
						<line number="236" hits="0"/>
						<line number="239" hits="0"/>
						<line number="240" hits="0"/>
						<line number="241" hits="0"/>
						<line number="242" hits="0"/>
						<line number="243" hits="0"/>
						<line number="244" hits="0"/>
						<line number="251" hits="0"/>
						<line number="252" hits="0"/>
						<line number="254" hits="0"/>
						<line number="255" hits="0"/>
						<line number="256" hits="0"/>
						<line number="257" hits="0"/>
						<line number="263" hits="0"/>
						<line number="264" hits="0"/>
						<line number="273" hits="0"/>
						<line number="274" hits="0"/>
						<line number="277" hits="0"/>
						<line number="278" hits="0"/>
						<line number="280" hits="0"/>
						<line number="281" hits="0"/>
						<line number="282" hits="0"/>
						<line number="284" hits="0"/>
						<line number="285" hits="0"/>
						<line number="286" hits="0"/>
						<line number="289" hits="0"/>
						<line number="292" hits="0"/>
						<line number="293" hits="0"/>
						<line number="295" hits="0"/>
						<line number="296" hits="0"/>
						<line number="298" hits="0"/>
						<line number="300" hits="0"/>
						<line number="301" hits="0"/>
						<line number="312" hits="0"/>
						<line number="313" hits="0"/>
						<line number="323" hits="0"/>
						<line number="324" hits="0"/>
						<line number="326" hits="0"/>
						<line number="327" hits="0"/>
						<line number="329" hits="0"/>
						<line number="331" hits="0"/>
						<line number="332" hits="0"/>
						<line number="333" hits="0"/>
						<line number="334" hits="0"/>
						<line number="335" hits="0"/>
						<line number="336" hits="0"/>
						<line number="346" hits="0"/>
						<line number="347" hits="0"/>
						<line number="348" hits="0"/>
						<line number="349" hits="0"/>
						<line number="350" hits="0"/>
						<line number="351" hits="0"/>
						<line number="353" hits="0"/>
						<line number="354" hits="0"/>
						<line number="364" hits="0"/>
						<line number="365" hits="0"/>
						<line number="366" hits="0"/>
						<line number="368" hits="0"/>
						<line number="369" hits="0"/>
						<line number="371" hits="0"/>
						<line number="372" hits="0"/>
						<line number="373" hits="0"/>
						<line number="374" hits="0"/>
						<line number="375" hits="0"/>
						<line number="376" hits="0"/>
						<line number="378" hits="0"/>
						<line number="379" hits="0"/>
						<line number="380" hits="0"/>
						<line number="383" hits="0"/>
						<line number="384" hits="0"/>
						<line number="390" hits="0"/>
						<line number="392" hits="0"/>
						<line number="393" hits="0"/>
						<line number="394" hits="0"/>
						<line number="395" hits="0"/>
						<line number="412" hits="0"/>
						<line number="413" hits="0"/>
						<line number="415" hits="0"/>
						<line number="416" hits="0"/>
						<line number="418" hits="0"/>
						<line number="419" hits="0"/>
						<line number="420" hits="0"/>
						<line number="421" hits="0"/>
						<line number="422" hits="0"/>
						<line number="423" hits="0"/>
						<line number="424" hits="0"/>
						<line number="425" hits="0"/>
						<line number="426" hits="0"/>
						<line number="428" hits="0"/>
						<line number="429" hits="0"/>
						<line number="430" hits="0"/>
						<line number="431" hits="0"/>
						<line number="432" hits="0"/>
						<line number="435" hits="0"/>
						<line number="438" hits="0"/>
						<line number="439" hits="0"/>
						<line number="441" hits="0"/>
						<line number="442" hits="0"/>
						<line number="443" hits="0"/>
						<line number="444" hits="0"/>
						<line number="445" hits="0"/>
						<line number="446" hits="0"/>
						<line number="447" hits="0"/>
						<line number="448" hits="0"/>
						<line number="449" hits="0"/>
						<line number="450" hits="0"/>
						<line number="452" hits="0"/>
						<line number="453" hits="0"/>
						<line number="455" hits="0"/>
						<line number="456" hits="0"/>
						<line number="457" hits="0"/>
						<line number="458" hits="0"/>
						<line number="459" hits="0"/>
						<line number="460" hits="0"/>
						<line number="461" hits="0"/>
						<line number="463" hits="0"/>
						<line number="474" hits="0"/>
						<line number="475" hits="0"/>
						<line number="477" hits="0"/>
						<line number="478" hits="0"/>
						<line number="480" hits="0"/>
						<line number="481" hits="0"/>
						<line number="482" hits="0"/>
						<line number="483" hits="0"/>
						<line number="484" hits="0"/>
						<line number="485" hits="0"/>
						<line number="486" hits="0"/>
						<line number="490" hits="0"/>
						<line number="494" hits="0"/>
						<line number="499" hits="0"/>
						<line number="507" hits="0"/>
						<line number="508" hits="0"/>
						<line number="510" hits="0"/>
						<line number="511" hits="0"/>
						<line number="519" hits="0"/>
						<line number="520" hits="0"/>
						<line number="521" hits="0"/>
						<line number="525" hits="0"/>
						<line number="526" hits="0"/>
						<line number="527" hits="0"/>
						<line number="529" hits="0"/>
						<line number="534" hits="0"/>
						<line number="535" hits="0"/>
						<line number="536" hits="0"/>
						<line number="537" hits="0"/>
						<line number="539" hits="0"/>
						<line number="541" hits="0"/>
						<line number="554" hits="0"/>
						<line number="560" hits="0"/>
						<line number="561" hits="0"/>
						<line number="563" hits="0"/>
						<line number="564" hits="0"/>
						<line number="566" hits="0"/>
						<line number="567" hits="0"/>
						<line number="568" hits="0"/>
						<line number="569" hits="0"/>
						<line number="570" hits="0"/>
						<line number="571" hits="0"/>
						<line number="572" hits="0"/>
						<line number="573" hits="0"/>
						<line number="576" hits="0"/>
						<line number="577" hits="0"/>
						<line number="578" hits="0"/>
						<line number="591" hits="0"/>
						<line number="594" hits="0"/>
						<line number="596" hits="0"/>
						<line number="597" hits="0"/>
						<line number="599" hits="0"/>
						<line number="600" hits="0"/>
						<line number="601" hits="0"/>
						<line number="602" hits="0"/>
						<line number="603" hits="0"/>
						<line number="604" hits="0"/>
						<line number="606" hits="0"/>
						<line number="608" hits="0"/>
						<line number="609" hits="0"/>
						<line number="614" hits="0"/>
						<line number="615" hits="0"/>
						<line number="617" hits="0"/>
						<line number="618" hits="0"/>
						<line number="619" hits="0"/>
						<line number="620" hits="0"/>
						<line number="621" hits="0"/>
						<line number="622" hits="0"/>
						<line number="623" hits="0"/>
						<line number="625" hits="0"/>
						<line number="626" hits="0"/>
						<line number="627" hits="0"/>
						<line number="628" hits="0"/>
						<line number="630" hits="0"/>
						<line number="631" hits="0"/>
						<line number="633" hits="0"/>
						<line number="634" hits="0"/>
						<line number="635" hits="0"/>
						<line number="636" hits="0"/>
						<line number="637" hits="0"/>
						<line number="638" hits="0"/>
						<line number="640" hits="0"/>
						<line number="641" hits="0"/>
						<line number="642" hits="0"/>
						<line number="643" hits="0"/>
						<line number="654" hits="0"/>
						<line number="656" hits="0"/>
						<line number="657" hits="0"/>
						<line number="659" hits="0"/>
						<line number="660" hits="0"/>
						<line number="662" hits="0"/>
						<line number="663" hits="0"/>
						<line number="664" hits="0"/>
						<line number="665" hits="0"/>
						<line number="666" hits="0"/>
						<line number="667" hits="0"/>
						<line number="668" hits="0"/>
						<line number="669" hits="0"/>
						<line number="670" hits="0"/>
						<line number="672" hits="0"/>
						<line number="673" hits="0"/>
						<line number="674" hits="0"/>
						<line number="675" hits="0"/>
						<line number="676" hits="0"/>
						<line number="678" hits="0"/>
						<line number="679" hits="0"/>
						<line number="683" hits="0"/>
						<line number="684" hits="0"/>
						<line number="685" hits="0"/>
						<line number="686" hits="0"/>
						<line number="688" hits="0"/>
						<line number="689" hits="0"/>
						<line number="690" hits="0"/>
						<line number="691" hits="0"/>
						<line number="692" hits="0"/>
						<line number="693" hits="0"/>
						<line number="694" hits="0"/>
						<line number="695" hits="0"/>
						<line number="696" hits="0"/>
						<line number="698" hits="0"/>
						<line number="699" hits="0"/>
						<line number="700" hits="0"/>
						<line number="701" hits="0"/>
						<line number="704" hits="0"/>
						<line number="706" hits="0"/>
						<line number="707" hits="0"/>
						<line number="711" hits="0"/>
						<line number="712" hits="0"/>
						<line number="713" hits="0"/>
						<line number="714" hits="0"/>
						<line number="716" hits="0"/>
						<line number="717" hits="0"/>
						<line number="718" hits="0"/>
						<line number="719" hits="0"/>
						<line number="720" hits="0"/>
						<line number="721" hits="0"/>
						<line number="722" hits="0"/>
						<line number="723" hits="0"/>
						<line number="724" hits="0"/>
						<line number="726" hits="0"/>
						<line number="727" hits="0"/>
						<line number="728" hits="0"/>
						<line number="729" hits="0"/>
						<line number="730" hits="0"/>
						<line number="732" hits="0"/>
						<line number="733" hits="0"/>
						<line number="741" hits="0"/>
						<line number="742" hits="0"/>
						<line number="743" hits="0"/>
						<line number="744" hits="0"/>
						<line number="746" hits="0"/>
						<line number="747" hits="0"/>
						<line number="748" hits="0"/>
						<line number="749" hits="0"/>
						<line number="750" hits="0"/>
						<line number="751" hits="0"/>
						<line number="752" hits="0"/>
						<line number="753" hits="0"/>
						<line number="754" hits="0"/>
						<line number="756" hits="0"/>
						<line number="757" hits="0"/>
						<line number="758" hits="0"/>
						<line number="765" hits="0"/>
						<line number="766" hits="0"/>
						<line number="769" hits="0"/>
						<line number="772" hits="0"/>
						<line number="773" hits="0"/>
						<line number="775" hits="0"/>
						<line number="776" hits="0"/>
						<line number="778" hits="0"/>
						<line number="779" hits="0"/>
						<line number="780" hits="0"/>
						<line number="784" hits="0"/>
						<line number="786" hits="0"/>
						<line number="787" hits="0"/>
						<line number="791" hits="0"/>
						<line number="793" hits="0"/>
						<line number="794" hits="0"/>
						<line number="795" hits="0"/>
						<line number="796" hits="0"/>
						<line number="801" hits="0"/>
						<line number="802" hits="0"/>
						<line number="803" hits="0"/>
						<line number="804" hits="0"/>
						<line number="819" hits="0"/>
						<line number="821" hits="0"/>
						<line number="822" hits="0"/>
						<line number="824" hits="0"/>
						<line number="825" hits="0"/>
						<line number="826" hits="0"/>
						<line number="828" hits="0"/>
						<line number="829" hits="0"/>
						<line number="833" hits="0"/>
						<line number="837" hits="0"/>
						<line number="838" hits="0"/>
						<line number="839" hits="0"/>
						<line number="840" hits="0"/>
						<line number="845" hits="0"/>
						<line number="846" hits="0"/>
						<line number="847" hits="0"/>
						<line number="848" hits="0"/>
						<line number="849" hits="0"/>
						<line number="864" hits="0"/>
						<line number="866" hits="0"/>
						<line number="867" hits="0"/>
						<line number="869" hits="0"/>
						<line number="870" hits="0"/>
						<line number="871" hits="0"/>
						<line number="873" hits="0"/>
						<line number="874" hits="0"/>
						<line number="878" hits="0"/>
						<line number="882" hits="0"/>
						<line number="883" hits="0"/>
						<line number="884" hits="0"/>
						<line number="885" hits="0"/>
						<line number="886" hits="0"/>
						<line number="887" hits="0"/>
						<line number="889" hits="0"/>
						<line number="890" hits="0"/>
						<line number="891" hits="0"/>
						<line number="893" hits="0"/>
						<line number="907" hits="0"/>
						<line number="909" hits="0"/>
						<line number="910" hits="0"/>
						<line number="916" hits="0"/>
						<line number="917" hits="0"/>
						<line number="918" hits="0"/>
						<line number="919" hits="0"/>
						<line number="920" hits="0"/>
						<line number="921" hits="0"/>
						<line number="922" hits="0"/>
						<line number="923" hits="0"/>
						<line number="924" hits="0"/>
						<line number="925" hits="0"/>
						<line number="926" hits="0"/>
						<line number="927" hits="0"/>
						<line number="928" hits="0"/>
						<line number="932" hits="0"/>
						<line number="933" hits="0"/>
						<line number="934" hits="0"/>
						<line number="935" hits="0"/>
						<line number="936" hits="0"/>
						<line number="939" hits="0"/>
						<line number="953" hits="0"/>
						<line number="954" hits="0"/>
						<line number="960" hits="0"/>
						<line number="961" hits="0"/>
						<line number="962" hits="0"/>
						<line number="963" hits="0"/>
						<line number="964" hits="0"/>
						<line number="965" hits="0"/>
						<line number="966" hits="0"/>
						<line number="967" hits="0"/>
						<line number="968" hits="0"/>
						<line number="969" hits="0"/>
						<line number="970" hits="0"/>
						<line number="971" hits="0"/>
						<line number="973" hits="0"/>
						<line number="974" hits="0"/>
						<line number="986" hits="0"/>
						<line number="987" hits="0"/>
						<line number="989" hits="0"/>
						<line number="990" hits="0"/>
						<line number="993" hits="0"/>
						<line number="994" hits="0"/>
						<line number="995" hits="0"/>
						<line number="999" hits="0"/>
						<line number="1004" hits="0"/>
						<line number="1012" hits="0"/>
						<line number="1013" hits="0"/>
						<line number="1016" hits="0"/>
						<line number="1018" hits="0"/>
						<line number="1020" hits="0"/>
						<line number="1022" hits="0"/>
						<line number="1023" hits="0"/>
						<line number="1024" hits="0"/>
						<line number="1025" hits="0"/>
						<line number="1028" hits="0"/>
						<line number="1029" hits="0"/>
						<line number="1030" hits="0"/>
						<line number="1032" hits="0"/>
						<line number="1035" hits="0"/>
						<line number="1036" hits="0"/>
						<line number="1039" hits="0"/>
						<line number="1040" hits="0"/>
						<line number="1043" hits="0"/>
						<line number="1045" hits="0"/>
						<line number="1046" hits="0"/>
						<line number="1047" hits="0"/>
						<line number="1048" hits="0"/>
						<line number="1049" hits="0"/>
						<line number="1052" hits="0"/>
						<line number="1053" hits="0"/>
						<line number="1056" hits="0"/>
						<line number="1058" hits="0"/>
						<line number="1059" hits="0"/>
						<line number="1060" hits="0"/>
						<line number="1061" hits="0"/>
						<line number="1062" hits="0"/>
						<line number="1063" hits="0"/>
						<line number="1064" hits="0"/>
						<line number="1065" hits="0"/>
						<line number="1066" hits="0"/>
						<line number="1069" hits="0"/>
						<line number="1072" hits="0"/>
						<line number="1095" hits="0"/>
						<line number="1096" hits="0"/>
						<line number="1100" hits="0"/>
						<line number="1101" hits="0"/>
						<line number="1103" hits="0"/>
						<line number="1104" hits="0"/>
						<line number="1105" hits="0"/>
						<line number="1106" hits="0"/>
						<line number="1107" hits="0"/>
						<line number="1112" hits="0"/>
						<line number="1113" hits="0"/>
						<line number="1116" hits="0"/>
						<line number="1118" hits="0"/>
						<line number="1119" hits="0"/>
						<line number="1121" hits="0"/>
						<line number="1122" hits="0"/>
						<line number="1126" hits="0"/>
						<line number="1127" hits="0"/>
						<line number="1129" hits="0"/>
						<line number="1130" hits="0"/>
						<line number="1131" hits="0"/>
						<line number="1132" hits="0"/>
						<line number="1137" hits="0"/>
						<line number="1142" hits="0"/>
						<line number="1143" hits="0"/>
						<line number="1146" hits="0"/>
						<line number="1148" hits="0"/>
						<line number="1149" hits="0"/>
						<line number="1152" hits="0"/>
						<line number="1155" hits="0"/>
						<line number="1156" hits="0"/>
						<line number="1158" hits="0"/>
						<line number="1159" hits="0"/>
						<line number="1160" hits="0"/>
						<line number="1161" hits="0"/>
						<line number="1162" hits="0"/>
						<line number="1163" hits="0"/>
						<line number="1164" hits="0"/>
						<line number="1166" hits="0"/>
						<line number="1167" hits="0"/>
						<line number="1168" hits="0"/>
						<line number="1169" hits="0"/>
						<line number="1170" hits="0"/>
						<line number="1172" hits="0"/>
						<line number="1173" hits="0"/>
						<line number="1174" hits="0"/>
						<line number="1175" hits="0"/>
						<line number="1176" hits="0"/>
						<line number="1177" hits="0"/>
						<line number="1192" hits="0"/>
						<line number="1194" hits="0"/>
						<line number="1195" hits="0"/>
						<line number="1197" hits="0"/>
						<line number="1198" hits="0"/>
						<line number="1199" hits="0"/>
						<line number="1200" hits="0"/>
						<line number="1201" hits="0"/>
						<line number="1204" hits="0"/>
						<line number="1210" hits="0"/>
						<line number="1211" hits="0"/>
						<line number="1215" hits="0"/>
						<line number="1216" hits="0"/>
						<line number="1217" hits="0"/>
						<line number="1218" hits="0"/>
						<line number="1219" hits="0"/>
						<line number="1220" hits="0"/>
						<line number="1225" hits="0"/>
						<line number="1226" hits="0"/>
						<line number="1227" hits="0"/>
						<line number="1229" hits="0"/>
						<line number="1230" hits="0"/>
						<line number="1231" hits="0"/>
						<line number="1239" hits="0"/>
						<line number="1242" hits="0"/>
						<line number="1243" hits="0"/>
						<line number="1244" hits="0"/>
						<line number="1245" hits="0"/>
						<line number="1246" hits="0"/>
						<line number="1250" hits="0"/>
						<line number="1251" hits="0"/>
						<line number="1252" hits="0"/>
						<line number="1261" hits="0"/>
						<line number="1262" hits="0"/>
						<line number="1266" hits="0"/>
						<line number="1267" hits="0"/>
						<line number="1269" hits="0"/>
						<line number="1270" hits="0"/>
						<line number="1271" hits="0"/>
						<line number="1272" hits="0"/>
						<line number="1273" hits="0"/>
						<line number="1274" hits="0"/>
						<line number="1275" hits="0"/>
						<line number="1276" hits="0"/>
						<line number="1277" hits="0"/>
						<line number="1278" hits="0"/>
						<line number="1279" hits="0"/>
						<line number="1280" hits="0"/>
						<line number="1281" hits="0"/>
						<line number="1282" hits="0"/>
						<line number="1283" hits="0"/>
						<line number="1295" hits="0"/>
						<line number="1296" hits="0"/>
						<line number="1297" hits="0"/>
						<line number="1298" hits="0"/>
						<line number="1299" hits="0"/>
						<line number="1301" hits="0"/>
						<line number="1313" hits="0"/>
						<line number="1314" hits="0"/>
						<line number="1318" hits="0"/>
						<line number="1319" hits="0"/>
						<line number="1320" hits="0"/>
						<line number="1321" hits="0"/>
						<line number="1322" hits="0"/>
						<line number="1326" hits="0"/>
						<line number="1327" hits="0"/>
						<line number="1328" hits="0"/>
						<line number="1329" hits="0"/>
						<line number="1330" hits="0"/>
						<line number="1331" hits="0"/>
						<line number="1350" hits="0"/>
						<line number="1352" hits="0"/>
						<line number="1353" hits="0"/>
						<line number="1357" hits="0"/>
						<line number="1358" hits="0"/>
						<line number="1360" hits="0"/>
						<line number="1365" hits="0"/>
						<line number="1366" hits="0"/>
						<line number="1367" hits="0"/>
						<line number="1368" hits="0"/>
						<line number="1369" hits="0"/>
						<line number="1370" hits="0"/>
						<line number="1371" hits="0"/>
						<line number="1372" hits="0"/>
						<line number="1373" hits="0"/>
						<line number="1374" hits="0"/>
						<line number="1375" hits="0"/>
						<line number="1376" hits="0"/>
						<line number="1377" hits="0"/>
						<line number="1378" hits="0"/>
						<line number="1379" hits="0"/>
						<line number="1380" hits="0"/>
						<line number="1381" hits="0"/>
						<line number="1382" hits="0"/>
						<line number="1384" hits="0"/>
						<line number="1385" hits="0"/>
						<line number="1414" hits="0"/>
						<line number="1415" hits="0"/>
						<line number="1419" hits="0"/>
						<line number="1420" hits="0"/>
						<line number="1421" hits="0"/>
						<line number="1423" hits="0"/>
						<line number="1424" hits="0"/>
						<line number="1425" hits="0"/>
						<line number="1426" hits="0"/>
						<line number="1427" hits="0"/>
						<line number="1428" hits="0"/>
						<line number="1429" hits="0"/>
						<line number="1430" hits="0"/>
						<line number="1431" hits="0"/>
						<line number="1432" hits="0"/>
						<line number="1434" hits="0"/>
						<line number="1435" hits="0"/>
						<line number="1444" hits="0"/>
						<line number="1445" hits="0"/>
						<line number="1449" hits="0"/>
						<line number="1450" hits="0"/>
						<line number="1452" hits="0"/>
						<line number="1453" hits="0"/>
						<line number="1454" hits="0"/>
						<line number="1455" hits="0"/>
						<line number="1456" hits="0"/>
						<line number="1461" hits="0"/>
						<line number="1462" hits="0"/>
						<line number="1465" hits="0"/>
						<line number="1467" hits="0"/>
						<line number="1468" hits="0"/>
						<line number="1470" hits="0"/>
						<line number="1471" hits="0"/>
						<line number="1475" hits="0"/>
						<line number="1476" hits="0"/>
						<line number="1478" hits="0"/>
						<line number="1479" hits="0"/>
						<line number="1480" hits="0"/>
						<line number="1481" hits="0"/>
						<line number="1482" hits="0"/>
						<line number="1487" hits="0"/>
						<line number="1488" hits="0"/>
						<line number="1491" hits="0"/>
						<line number="1493" hits="0"/>
						<line number="1494" hits="0"/>
						<line number="1496" hits="0"/>
						<line number="1497" hits="0"/>
						<line number="1501" hits="0"/>
						<line number="1502" hits="0"/>
						<line number="1503" hits="0"/>
						<line number="1504" hits="0"/>
						<line number="1505" hits="0"/>
						<line number="1509" hits="0"/>
						<line number="1510" hits="0"/>
						<line number="1511" hits="0"/>
						<line number="1512" hits="0"/>
						<line number="1513" hits="0"/>
						<line number="1514" hits="0"/>
						<line number="1528" hits="0"/>
						<line number="1530" hits="0"/>
						<line number="1531" hits="0"/>
						<line number="1533" hits="0"/>
						<line number="1534" hits="0"/>
						<line number="1535" hits="0"/>
						<line number="1536" hits="0"/>
						<line number="1537" hits="0"/>
						<line number="1538" hits="0"/>
						<line number="1539" hits="0"/>
						<line number="1540" hits="0"/>
						<line number="1543" hits="0"/>
						<line number="1544" hits="0"/>
						<line number="1545" hits="0"/>
						<line number="1547" hits="0"/>
						<line number="1548" hits="0"/>
						<line number="1550" hits="0"/>
						<line number="1551" hits="0"/>
						<line number="1552" hits="0"/>
						<line number="1553" hits="0"/>
						<line number="1554" hits="0"/>
						<line number="1555" hits="0"/>
						<line number="1558" hits="0"/>
						<line number="1559" hits="0"/>
						<line number="1560" hits="0"/>
						<line number="1562" hits="0"/>
						<line number="1563" hits="0"/>
						<line number="1567" hits="0"/>
						<line number="1568" hits="0"/>
						<line number="1569" hits="0"/>
						<line number="1570" hits="0"/>
						<line number="1571" hits="0"/>
						<line number="1572" hits="0"/>
						<line number="1573" hits="0"/>
						<line number="1574" hits="0"/>
						<line number="1575" hits="0"/>
						<line number="1577" hits="0"/>
						<line number="1578" hits="0"/>
						<line number="1580" hits="0"/>
						<line number="1581" hits="0"/>
						<line number="1582" hits="0"/>
						<line number="1583" hits="0"/>
						<line number="1586" hits="0"/>
						<line number="1587" hits="0"/>
						<line number="1588" hits="0"/>
						<line number="1590" hits="0"/>
						<line number="1591" hits="0"/>
						<line number="1592" hits="0"/>
						<line number="1593" hits="0"/>
						<line number="1594" hits="0"/>
						<line number="1595" hits="0"/>
						<line number="1625" hits="0"/>
						<line number="1640" hits="0"/>
						<line number="1643" hits="0"/>
						<line number="1644" hits="0"/>
						<line number="1645" hits="0"/>
						<line number="1646" hits="0"/>
						<line number="1647" hits="0"/>
						<line number="1651" hits="0"/>
						<line number="1652" hits="0"/>
						<line number="1654" hits="0"/>
						<line number="1655" hits="0"/>
						<line number="1656" hits="0"/>
						<line number="1657" hits="0"/>
						<line number="1658" hits="0"/>
						<line number="1659" hits="0"/>
						<line number="1661" hits="0"/>
						<line number="1662" hits="0"/>
						<line number="1664" hits="0"/>
						<line number="1665" hits="0"/>
						<line number="1666" hits="0"/>
						<line number="1667" hits="0"/>
						<line number="1668" hits="0"/>
						<line number="1669" hits="0"/>
						<line number="1671" hits="0"/>
						<line number="1672" hits="0"/>
						<line number="1674" hits="0"/>
						<line number="1675" hits="0"/>
						<line number="1676" hits="0"/>
						<line number="1677" hits="0"/>
						<line number="1680" hits="0"/>
						<line number="1683" hits="0"/>
						<line number="1684" hits="0"/>
						<line number="1686" hits="0"/>
						<line number="1688" hits="0"/>
						<line number="1689" hits="0"/>
						<line number="1692" hits="0"/>
						<line number="1696" hits="0"/>
						<line number="1697" hits="0"/>
						<line number="1701" hits="0"/>
						<line number="1709" hits="0"/>
						<line number="1710" hits="0"/>
						<line number="1712" hits="0"/>
						<line number="1713" hits="0"/>
						<line number="1714" hits="0"/>
						<line number="1716" hits="0"/>
						<line number="1717" hits="0"/>
						<line number="1720" hits="0"/>
						<line number="1721" hits="0"/>
						<line number="1723" hits="0"/>
						<line number="1727" hits="0"/>
						<line number="1728" hits="0"/>
						<line number="1734" hits="0"/>
						<line number="1735" hits="0"/>
						<line number="1737" hits="0"/>
						<line number="1738" hits="0"/>
						<line number="1739" hits="0"/>
						<line number="1741" hits="0"/>
						<line number="1745" hits="0"/>
						<line number="1746" hits="0"/>
						<line number="1750" hits="0"/>
						<line number="1751" hits="0"/>
						<line number="1753" hits="0"/>
						<line number="1755" hits="0"/>
						<line number="1757" hits="0"/>
						<line number="1759" hits="0"/>
						<line number="1760" hits="0"/>
						<line number="1761" hits="0"/>
						<line number="1762" hits="0"/>
						<line number="1763" hits="0"/>
						<line number="1764" hits="0"/>
						<line number="1767" hits="0"/>
						<line number="1768" hits="0"/>
						<line number="1769" hits="0"/>
						<line number="1770" hits="0"/>
						<line number="1771" hits="0"/>
						<line number="1774" hits="0"/>
						<line number="1775" hits="0"/>
						<line number="1776" hits="0"/>
						<line number="1777" hits="0"/>
						<line number="1779" hits="0"/>
						<line number="1789" hits="0"/>
						<line number="1791" hits="0"/>
						<line number="1792" hits="0"/>
						<line number="1794" hits="0"/>
						<line number="1795" hits="0"/>
						<line number="1797" hits="0"/>
						<line number="1798" hits="0"/>
						<line number="1800" hits="0"/>
						<line number="1801" hits="0"/>
						<line number="1804" hits="0"/>
						<line number="1805" hits="0"/>
						<line number="1806" hits="0"/>
						<line number="1807" hits="0"/>
						<line number="1808" hits="0"/>
						<line number="1809" hits="0"/>
						<line number="1812" hits="0"/>
						<line number="1813" hits="0"/>
						<line number="1821" hits="0"/>
						<line number="1824" hits="0"/>
						<line number="1826" hits="0"/>
						<line number="1832" hits="0"/>
						<line number="1839" hits="0"/>
						<line number="1840" hits="0"/>
						<line number="1841" hits="0"/>
						<line number="1849" hits="0"/>
						<line number="1853" hits="0"/>
						<line number="1856" hits="0"/>
						<line number="1859" hits="0"/>
						<line number="1860" hits="0"/>
						<line number="1862" hits="0"/>
						<line number="1863" hits="0"/>
						<line number="1866" hits="0"/>
						<line number="1867" hits="0"/>
						<line number="1868" hits="0"/>
						<line number="1869" hits="0"/>
						<line number="1870" hits="0"/>
						<line number="1872" hits="0"/>
						<line number="1873" hits="0"/>
						<line number="1881" hits="0"/>
						<line number="1882" hits="0"/>
						<line number="1883" hits="0"/>
						<line number="1884" hits="0"/>
						<line number="1886" hits="0"/>
						<line number="1887" hits="0"/>
						<line number="1888" hits="0"/>
						<line number="1889" hits="0"/>
						<line number="1890" hits="0"/>
						<line number="1892" hits="0"/>
						<line number="1898" hits="0"/>
						<line number="1905" hits="0"/>
						<line number="1906" hits="0"/>
						<line number="1907" hits="0"/>
						<line number="1909" hits="0"/>
						<line number="1910" hits="0"/>
						<line number="1911" hits="0"/>
						<line number="1912" hits="0"/>
						<line number="1913" hits="0"/>
						<line number="1914" hits="0"/>
						<line number="1916" hits="0"/>
						<line number="1917" hits="0"/>
						<line number="1919" hits="0"/>
						<line number="1920" hits="0"/>
						<line number="1921" hits="0"/>
						<line number="1922" hits="0"/>
						<line number="1925" hits="0"/>
						<line number="1927" hits="0"/>
						<line number="1928" hits="0"/>
						<line number="1929" hits="0"/>
						<line number="1930" hits="0"/>
						<line number="1933" hits="0"/>
						<line number="1935" hits="0"/>
						<line number="1936" hits="0"/>
						<line number="1937" hits="0"/>
						<line number="1938" hits="0"/>
						<line number="1940" hits="0"/>
						<line number="1941" hits="0"/>
						<line number="1942" hits="0"/>
						<line number="1944" hits="0"/>
						<line number="1945" hits="0"/>
						<line number="1947" hits="0"/>
						<line number="1948" hits="0"/>
						<line number="1949" hits="0"/>
						<line number="1950" hits="0"/>
						<line number="1952" hits="0"/>
						<line number="1953" hits="0"/>
						<line number="1954" hits="0"/>
						<line number="1957" hits="0"/>
						<line number="1958" hits="0"/>
						<line number="1959" hits="0"/>
						<line number="1961" hits="0"/>
						<line number="1962" hits="0"/>
						<line number="1965" hits="0"/>
						<line number="1967" hits="0"/>
						<line number="1968" hits="0"/>
						<line number="1969" hits="0"/>
						<line number="1971" hits="0"/>
						<line number="1973" hits="0"/>
						<line number="1974" hits="0"/>
						<line number="1975" hits="0"/>
						<line number="1976" hits="0"/>
						<line number="1977" hits="0"/>
						<line number="1980" hits="0"/>
						<line number="1982" hits="0"/>
						<line number="1983" hits="0"/>
						<line number="1984" hits="0"/>
						<line number="1985" hits="0"/>
						<line number="1986" hits="0"/>
						<line number="1988" hits="0"/>
						<line number="2002" hits="0"/>
						<line number="2004" hits="0"/>
						<line number="2005" hits="0"/>
						<line number="2007" hits="0"/>
						<line number="2015" hits="0"/>
						<line number="2016" hits="0"/>
						<line number="2017" hits="0"/>
						<line number="2018" hits="0"/>
						<line number="2024" hits="0"/>
						<line number="2025" hits="0"/>
						<line number="2026" hits="0"/>
						<line number="2027" hits="0"/>
						<line number="2028" hits="0"/>
						<line number="2030" hits="0"/>
						<line number="2031" hits="0"/>
						<line number="2032" hits="0"/>
						<line number="2034" hits="0"/>
						<line number="2035" hits="0"/>
						<line number="2037" hits="0"/>
						<line number="2038" hits="0"/>
						<line number="2039" hits="0"/>
						<line number="2042" hits="0"/>
						<line number="2043" hits="0"/>
						<line number="2044" hits="0"/>
						<line number="2050" hits="0"/>
						<line number="2064" hits="0"/>
						<line number="2071" hits="0"/>
						<line number="2073" hits="0"/>
						<line number="2074" hits="0"/>
						<line number="2076" hits="0"/>
						<line number="2077" hits="0"/>
						<line number="2080" hits="0"/>
						<line number="2081" hits="0"/>
						<line number="2082" hits="0"/>
						<line number="2086" hits="0"/>
						<line number="2089" hits="0"/>
						<line number="2094" hits="0"/>
						<line number="2095" hits="0"/>
						<line number="2096" hits="0"/>
						<line number="2097" hits="0"/>
						<line number="2098" hits="0"/>
						<line number="2100" hits="0"/>
						<line number="2102" hits="0"/>
						<line number="2112" hits="0"/>
						<line number="2113" hits="0"/>
						<line number="2114" hits="0"/>
						<line number="2116" hits="0"/>
						<line number="2117" hits="0"/>
						<line number="2120" hits="0"/>
						<line number="2121" hits="0"/>
						<line number="2123" hits="0"/>
						<line number="2124" hits="0"/>
						<line number="2128" hits="0"/>
						<line number="2129" hits="0"/>
						<line number="2130" hits="0"/>
						<line number="2134" hits="0"/>
						<line number="2136" hits="0"/>
						<line number="2143" hits="0"/>
						<line number="2144" hits="0"/>
						<line number="2146" hits="0"/>
						<line number="2148" hits="0"/>
						<line number="2151" hits="0"/>
						<line number="2152" hits="0"/>
						<line number="2154" hits="0"/>
						<line number="2155" hits="0"/>
						<line number="2157" hits="0"/>
						<line number="2158" hits="0"/>
						<line number="2159" hits="0"/>
						<line number="2160" hits="0"/>
						<line number="2161" hits="0"/>
						<line number="2164" hits="0"/>
						<line number="2167" hits="0"/>
						<line number="2169" hits="0"/>
						<line number="2170" hits="0"/>
						<line number="2179" hits="0"/>
						<line number="2180" hits="0"/>
						<line number="2183" hits="0"/>
						<line number="2185" hits="0"/>
						<line number="2192" hits="0"/>
						<line number="2193" hits="0"/>
						<line number="2194" hits="0"/>
						<line number="2202" hits="0"/>
						<line number="2205" hits="0"/>
						<line number="2206" hits="0"/>
						<line number="2208" hits="0"/>
						<line number="2209" hits="0"/>
						<line number="2211" hits="0"/>
						<line number="2212" hits="0"/>
						<line number="2213" hits="0"/>
						<line number="2214" hits="0"/>
						<line number="2215" hits="0"/>
						<line number="2220" hits="0"/>
						<line number="2221" hits="0"/>
						<line number="2222" hits="0"/>
						<line number="2224" hits="0"/>
						<line number="2229" hits="0"/>
						<line number="2231" hits="0"/>
						<line number="2232" hits="0"/>
						<line number="2234" hits="0"/>
						<line number="2237" hits="0"/>
						<line number="2238" hits="0"/>
						<line number="2244" hits="0"/>
						<line number="2247" hits="0"/>
						<line number="2248" hits="0"/>
						<line number="2252" hits="0"/>
						<line number="2264" hits="0"/>
						<line number="2271" hits="0"/>
						<line number="2272" hits="0"/>
						<line number="2274" hits="0"/>
						<line number="2275" hits="0"/>
						<line number="2277" hits="0"/>
						<line number="2278" hits="0"/>
						<line number="2279" hits="0"/>
						<line number="2280" hits="0"/>
						<line number="2282" hits="0"/>
						<line number="2284" hits="0"/>
						<line number="2288" hits="0"/>
						<line number="2289" hits="0"/>
						<line number="2290" hits="0"/>
						<line number="2291" hits="0"/>
						<line number="2293" hits="0"/>
						<line number="2298" hits="0"/>
						<line number="2300" hits="0"/>
						<line number="2301" hits="0"/>
						<line number="2305" hits="0"/>
						<line number="2306" hits="0"/>
						<line number="2308" hits="0"/>
						<line number="2309" hits="0"/>
						<line number="2310" hits="0"/>
						<line number="2311" hits="0"/>
						<line number="2312" hits="0"/>
						<line number="2313" hits="0"/>
						<line number="2314" hits="0"/>
						<line number="2316" hits="0"/>
						<line number="2324" hits="0"/>
						<line number="2326" hits="0"/>
						<line number="2327" hits="0"/>
						<line number="2331" hits="0"/>
						<line number="2332" hits="0"/>
						<line number="2334" hits="0"/>
						<line number="2337" hits="0"/>
						<line number="2339" hits="0"/>
						<line number="2344" hits="0"/>
						<line number="2352" hits="0"/>
						<line number="2354" hits="0"/>
						<line number="2362" hits="0"/>
						<line number="2363" hits="0"/>
						<line number="2364" hits="0"/>
						<line number="2366" hits="0"/>
						<line number="2371" hits="0"/>
						<line number="2373" hits="0"/>
						<line number="2374" hits="0"/>
						<line number="2378" hits="0"/>
						<line number="2379" hits="0"/>
						<line number="2381" hits="0"/>
						<line number="2382" hits="0"/>
						<line number="2384" hits="0"/>
						<line number="2385" hits="0"/>
						<line number="2386" hits="0"/>
						<line number="2390" hits="0"/>
						<line number="2391" hits="0"/>
						<line number="2392" hits="0"/>
						<line number="2396" hits="0"/>
						<line number="2399" hits="0"/>
						<line number="2400" hits="0"/>
						<line number="2401" hits="0"/>
						<line number="2404" hits="0"/>
						<line number="2409" hits="0"/>
						<line number="2410" hits="0"/>
						<line number="2411" hits="0"/>
						<line number="2414" hits="0"/>
						<line number="2417" hits="0"/>
						<line number="2420" hits="0"/>
						<line number="2423" hits="0"/>
						<line number="2424" hits="0"/>
						<line number="2427" hits="0"/>
						<line number="2428" hits="0"/>
						<line number="2429" hits="0"/>
						<line number="2430" hits="0"/>
						<line number="2436" hits="0"/>
						<line number="2439" hits="0"/>
						<line number="2450" hits="0"/>
						<line number="2451" hits="0"/>
						<line number="2452" hits="0"/>
						<line number="2453" hits="0"/>
						<line number="2454" hits="0"/>
						<line number="2455" hits="0"/>
						<line number="2462" hits="0"/>
						<line number="2464" hits="0"/>
						<line number="2466" hits="0"/>
						<line number="2479" hits="0"/>
						<line number="2480" hits="0"/>
						<line number="2485" hits="0"/>
						<line number="2486" hits="0"/>
						<line number="2487" hits="0"/>
						<line number="2489" hits="0"/>
						<line number="2494" hits="0"/>
						<line number="2496" hits="0"/>
						<line number="2497" hits="0"/>
						<line number="2500" hits="0"/>
						<line number="2501" hits="0"/>
						<line number="2502" hits="0"/>
						<line number="2503" hits="0"/>
						<line number="2504" hits="0"/>
						<line number="2505" hits="0"/>
						<line number="2506" hits="0"/>
						<line number="2507" hits="0"/>
						<line number="2508" hits="0"/>
						<line number="2510" hits="0"/>
						<line number="2511" hits="0"/>
						<line number="2514" hits="0"/>
						<line number="2515" hits="0"/>
						<line number="2516" hits="0"/>
						<line number="2517" hits="0"/>
						<line number="2518" hits="0"/>
						<line number="2520" hits="0"/>
						<line number="2521" hits="0"/>
						<line number="2522" hits="0"/>
						<line number="2523" hits="0"/>
						<line number="2524" hits="0"/>
						<line number="2525" hits="0"/>
						<line number="2527" hits="0"/>
						<line number="2528" hits="0"/>
						<line number="2529" hits="0"/>
						<line number="2535" hits="0"/>
						<line number="2536" hits="0"/>
						<line number="2537" hits="0"/>
						<line number="2538" hits="0"/>
						<line number="2539" hits="0"/>
						<line number="2540" hits="0"/>
						<line number="2541" hits="0"/>
						<line number="2542" hits="0"/>
						<line number="2543" hits="0"/>
						<line number="2544" hits="0"/>
						<line number="2546" hits="0"/>
						<line number="2547" hits="0"/>
						<line number="2554" hits="0"/>
						<line number="2555" hits="0"/>
						<line number="2556" hits="0"/>
						<line number="2557" hits="0"/>
						<line number="2558" hits="0"/>
						<line number="2561" hits="0"/>
						<line number="2564" hits="0"/>
						<line number="2565" hits="0"/>
						<line number="2566" hits="0"/>
						<line number="2568" hits="0"/>
						<line number="2569" hits="0"/>
						<line number="2571" hits="0"/>
						<line number="2572" hits="0"/>
						<line number="2573" hits="0"/>
						<line number="2575" hits="0"/>
						<line number="2576" hits="0"/>
						<line number="2577" hits="0"/>
						<line number="2578" hits="0"/>
						<line number="2579" hits="0"/>
						<line number="2580" hits="0"/>
						<line number="2581" hits="0"/>
						<line number="2583" hits="0"/>
						<line number="2584" hits="0"/>
						<line number="2587" hits="0"/>
						<line number="2588" hits="0"/>
						<line number="2591" hits="0"/>
						<line number="2592" hits="0"/>
						<line number="2594" hits="0"/>
						<line number="2605" hits="0"/>
						<line number="2608" hits="0"/>
						<line number="2611" hits="0"/>
						<line number="2612" hits="0"/>
						<line number="2618" hits="0"/>
						<line number="2619" hits="0"/>
						<line number="2621" hits="0"/>
						<line number="2622" hits="0"/>
						<line number="2624" hits="0"/>
						<line number="2625" hits="0"/>
						<line number="2627" hits="0"/>
						<line number="2628" hits="0"/>
						<line number="2630" hits="0"/>
						<line number="2631" hits="0"/>
						<line number="2638" hits="0"/>
						<line number="2641" hits="0"/>
						<line number="2643" hits="0"/>
						<line number="2644" hits="0"/>
						<line number="2645" hits="0"/>
						<line number="2648" hits="0"/>
						<line number="2651" hits="0"/>
						<line number="2652" hits="0"/>
						<line number="2653" hits="0"/>
						<line number="2657" hits="0"/>
						<line number="2658" hits="0"/>
						<line number="2663" hits="0"/>
						<line number="2664" hits="0"/>
						<line number="2665" hits="0"/>
						<line number="2670" hits="0"/>
						<line number="2675" hits="0"/>
						<line number="2676" hits="0"/>
						<line number="2680" hits="0"/>
						<line number="2682" hits="0"/>
						<line number="2683" hits="0"/>
						<line number="2685" hits="0"/>
						<line number="2687" hits="0"/>
						<line number="2697" hits="0"/>
						<line number="2704" hits="0"/>
						<line number="2705" hits="0"/>
						<line number="2706" hits="0"/>
						<line number="2713" hits="0"/>
						<line number="2714" hits="0"/>
						<line number="2715" hits="0"/>
						<line number="2722" hits="0"/>
						<line number="2726" hits="0"/>
						<line number="2731" hits="0"/>
						<line number="2732" hits="0"/>
						<line number="2733" hits="0"/>
						<line number="2734" hits="0"/>
						<line number="2737" hits="0"/>
						<line number="2739" hits="0"/>
						<line number="2741" hits="0"/>
						<line number="2742" hits="0"/>
						<line number="2744" hits="0"/>
						<line number="2745" hits="0"/>
						<line number="2747" hits="0"/>
						<line number="2748" hits="0"/>
						<line number="2749" hits="0"/>
						<line number="2751" hits="0"/>
						<line number="2752" hits="0"/>
						<line number="2754" hits="0"/>
						<line number="2755" hits="0"/>
						<line number="2757" hits="0"/>
						<line number="2758" hits="0"/>
						<line number="2759" hits="0"/>
						<line number="2761" hits="0"/>
						<line number="2762" hits="0"/>
						<line number="2764" hits="0"/>
						<line number="2765" hits="0"/>
						<line number="2768" hits="0"/>
						<line number="2769" hits="0"/>
						<line number="2771" hits="0"/>
						<line number="2772" hits="0"/>
						<line number="2773" hits="0"/>
						<line number="2778" hits="0"/>
						<line number="2780" hits="0"/>
						<line number="2781" hits="0"/>
						<line number="2783" hits="0"/>
						<line number="2784" hits="0"/>
						<line number="2786" hits="0"/>
						<line number="2787" hits="0"/>
						<line number="2791" hits="0"/>
						<line number="2792" hits="0"/>
						<line number="2794" hits="0"/>
						<line number="2795" hits="0"/>
						<line number="2797" hits="0"/>
						<line number="2798" hits="0"/>
						<line number="2800" hits="0"/>
						<line number="2801" hits="0"/>
						<line number="2803" hits="0"/>
						<line number="2804" hits="0"/>
						<line number="2809" hits="0"/>
						<line number="2810" hits="0"/>
						<line number="2813" hits="0"/>
						<line number="2814" hits="0"/>
						<line number="2815" hits="0"/>
						<line number="2819" hits="0"/>
						<line number="2823" hits="0"/>
						<line number="2824" hits="0"/>
						<line number="2828" hits="0"/>
						<line number="2833" hits="0"/>
						<line number="2835" hits="0"/>
						<line number="2836" hits="0"/>
						<line number="2845" hits="0"/>
						<line number="2847" hits="0"/>
						<line number="2853" hits="0"/>
						<line number="2854" hits="0"/>
						<line number="2861" hits="0"/>
						<line number="2862" hits="0"/>
						<line number="2866" hits="0"/>
						<line number="2868" hits="0"/>
						<line number="2873" hits="0"/>
						<line number="2882" hits="0"/>
						<line number="2884" hits="0"/>
						<line number="2890" hits="0"/>
						<line number="2891" hits="0"/>
						<line number="2897" hits="0"/>
						<line number="2903" hits="0"/>
						<line number="2904" hits="0"/>
						<line number="2905" hits="0"/>
						<line number="2909" hits="0"/>
						<line number="2914" hits="0"/>
						<line number="2917" hits="0"/>
						<line number="2920" hits="0"/>
						<line number="2921" hits="0"/>
						<line number="2927" hits="0"/>
						<line number="2928" hits="0"/>
						<line number="2930" hits="0"/>
						<line number="2931" hits="0"/>
						<line number="2933" hits="0"/>
						<line number="2934" hits="0"/>
						<line number="2936" hits="0"/>
						<line number="2938" hits="0"/>
						<line number="2939" hits="0"/>
						<line number="2941" hits="0"/>
						<line number="2942" hits="0"/>
						<line number="2944" hits="0"/>
						<line number="2945" hits="0"/>
						<line number="2946" hits="0"/>
						<line number="2947" hits="0"/>
						<line number="2949" hits="0"/>
						<line number="2951" hits="0"/>
						<line number="2956" hits="0"/>
						<line number="2957" hits="0"/>
						<line number="2958" hits="0"/>
						<line number="2959" hits="0"/>
						<line number="2965" hits="0"/>
						<line number="2967" hits="0"/>
						<line number="2972" hits="0"/>
						<line number="2973" hits="0"/>
						<line number="2974" hits="0"/>
						<line number="2975" hits="0"/>
						<line number="2981" hits="0"/>
						<line number="2983" hits="0"/>
						<line number="2989" hits="0"/>
						<line number="2990" hits="0"/>
						<line number="2991" hits="0"/>
						<line number="2992" hits="0"/>
						<line number="2997" hits="0"/>
						<line number="2999" hits="0"/>
						<line number="3000" hits="0"/>
						<line number="3001" hits="0"/>
						<line number="3002" hits="0"/>
						<line number="3003" hits="0"/>
						<line number="3008" hits="0"/>
						<line number="3010" hits="0"/>
						<line number="3011" hits="0"/>
						<line number="3012" hits="0"/>
						<line number="3013" hits="0"/>
						<line number="3014" hits="0"/>
						<line number="3015" hits="0"/>
						<line number="3016" hits="0"/>
						<line number="3018" hits="0"/>
						<line number="3021" hits="0"/>
						<line number="3022" hits="0"/>
						<line number="3023" hits="0"/>
						<line number="3026" hits="0"/>
						<line number="3027" hits="0"/>
						<line number="3029" hits="0"/>
						<line number="3030" hits="0"/>
						<line number="3038" hits="0"/>
						<line number="3039" hits="0"/>
						<line number="3042" hits="0"/>
						<line number="3046" hits="0"/>
						<line number="3059" hits="0"/>
						<line number="3060" hits="0"/>
						<line number="3062" hits="0"/>
						<line number="3063" hits="0"/>
						<line number="3076" hits="0"/>
						<line number="3078" hits="0"/>
						<line number="3084" hits="0"/>
						<line number="3085" hits="0"/>
						<line number="3086" hits="0"/>
						<line number="3087" hits="0"/>
						<line number="3089" hits="0"/>
						<line number="3091" hits="0"/>
						<line number="3092" hits="0"/>
						<line number="3096" hits="0"/>
						<line number="3097" hits="0"/>
						<line number="3099" hits="0"/>
						<line number="3100" hits="0"/>
						<line number="3102" hits="0"/>
						<line number="3104" hits="0"/>
						<line number="3106" hits="0"/>
						<line number="3107" hits="0"/>
						<line number="3110" hits="0"/>
						<line number="3111" hits="0"/>
						<line number="3115" hits="0"/>
						<line number="3118" hits="0"/>
						<line number="3123" hits="0"/>
						<line number="3124" hits="0"/>
						<line number="3127" hits="0"/>
						<line number="3128" hits="0"/>
						<line number="3129" hits="0"/>
						<line number="3132" hits="0"/>
						<line number="3133" hits="0"/>
						<line number="3136" hits="0"/>
						<line number="3137" hits="0"/>
						<line number="3140" hits="0"/>
						<line number="3141" hits="0"/>
						<line number="3147" hits="0"/>
						<line number="3148" hits="0"/>
						<line number="3151" hits="0"/>
						<line number="3152" hits="0"/>
						<line number="3155" hits="0"/>
						<line number="3159" hits="0"/>
						<line number="3160" hits="0"/>
						<line number="3163" hits="0"/>
						<line number="3164" hits="0"/>
						<line number="3166" hits="0"/>
						<line number="3173" hits="0"/>
						<line number="3174" hits="0"/>
						<line number="3175" hits="0"/>
						<line number="3182" hits="0"/>
						<line number="3185" hits="0"/>
						<line number="3186" hits="0"/>
						<line number="3188" hits="0"/>
						<line number="3189" hits="0"/>
						<line number="3191" hits="0"/>
						<line number="3192" hits="0"/>
						<line number="3193" hits="0"/>
						<line number="3196" hits="0"/>
						<line number="3197" hits="0"/>
						<line number="3198" hits="0"/>
						<line number="3199" hits="0"/>
						<line number="3214" hits="0"/>
						<line number="3216" hits="0"/>
						<line number="3217" hits="0"/>
						<line number="3218" hits="0"/>
						<line number="3220" hits="0"/>
						<line number="3221" hits="0"/>
						<line number="3229" hits="0"/>
						<line number="3232" hits="0"/>
						<line number="3233" hits="0"/>
						<line number="3234" hits="0"/>
						<line number="3235" hits="0"/>
						<line number="3236" hits="0"/>
						<line number="3237" hits="0"/>
						<line number="3239" hits="0"/>
						<line number="3240" hits="0"/>
						<line number="3241" hits="0"/>
						<line number="3242" hits="0"/>
						<line number="3243" hits="0"/>
						<line number="3244" hits="0"/>
						<line number="3246" hits="0"/>
						<line number="3247" hits="0"/>
						<line number="3248" hits="0"/>
						<line number="3249" hits="0"/>
						<line number="3250" hits="0"/>
						<line number="3251" hits="0"/>
						<line number="3253" hits="0"/>
						<line number="3254" hits="0"/>
						<line number="3255" hits="0"/>
						<line number="3258" hits="0"/>
						<line number="3259" hits="0"/>
						<line number="3260" hits="0"/>
						<line number="3261" hits="0"/>
						<line number="3262" hits="0"/>
						<line number="3263" hits="0"/>
						<line number="3265" hits="0"/>
						<line number="3266" hits="0"/>
						<line number="3267" hits="0"/>
						<line number="3268" hits="0"/>
						<line number="3269" hits="0"/>
						<line number="3270" hits="0"/>
						<line number="3271" hits="0"/>
						<line number="3272" hits="0"/>
						<line number="3273" hits="0"/>
						<line number="3276" hits="0"/>
						<line number="3277" hits="0"/>
						<line number="3278" hits="0"/>
						<line number="3279" hits="0"/>
						<line number="3280" hits="0"/>
						<line number="3282" hits="0"/>
					</lines>
				</class>
				<class name="storage.py" filename="storage.py" complexity="0" line-rate="0" branch-rate="0">
					<methods/>
					<lines>
						<line number="3" hits="0"/>
						<line number="5" hits="0"/>
						<line number="7" hits="0"/>
						<line number="8" hits="0"/>
						<line number="10" hits="0"/>
						<line number="12" hits="0"/>
						<line number="15" hits="0"/>
						<line number="18" hits="0"/>
						<line number="19" hits="0"/>
						<line number="20" hits="0"/>
						<line number="21" hits="0"/>
						<line number="23" hits="0"/>
						<line number="24" hits="0"/>
						<line number="25" hits="0"/>
						<line number="26" hits="0"/>
						<line number="27" hits="0"/>
						<line number="28" hits="0"/>
						<line number="35" hits="0"/>
						<line number="36" hits="0"/>
						<line number="37" hits="0"/>
						<line number="38" hits="0"/>
						<line number="39" hits="0"/>
						<line number="40" hits="0"/>
						<line number="41" hits="0"/>
						<line number="43" hits="0"/>
						<line number="44" hits="0"/>
						<line number="45" hits="0"/>
						<line number="46" hits="0"/>
						<line number="47" hits="0"/>
						<line number="48" hits="0"/>
						<line number="50" hits="0"/>
						<line number="51" hits="0"/>
						<line number="52" hits="0"/>
						<line number="53" hits="0"/>
						<line number="67" hits="0"/>
						<line number="77" hits="0"/>
						<line number="78" hits="0"/>
						<line number="79" hits="0"/>
						<line number="80" hits="0"/>
						<line number="81" hits="0"/>
						<line number="100" hits="0"/>
						<line number="103" hits="0"/>
						<line number="104" hits="0"/>
						<line number="105" hits="0"/>
						<line number="106" hits="0"/>
						<line number="118" hits="0"/>
						<line number="119" hits="0"/>
						<line number="120" hits="0"/>
						<line number="121" hits="0"/>
						<line number="122" hits="0"/>
						<line number="125" hits="0"/>
						<line number="128" hits="0"/>
						<line number="131" hits="0"/>
						<line number="133" hits="0"/>
						<line number="134" hits="0"/>
						<line number="135" hits="0"/>
						<line number="136" hits="0"/>
						<line number="137" hits="0"/>
						<line number="138" hits="0"/>
						<line number="141" hits="0"/>
						<line number="142" hits="0"/>
						<line number="145" hits="0"/>
						<line number="147" hits="0"/>
						<line number="148" hits="0"/>
						<line number="149" hits="0"/>
						<line number="150" hits="0"/>
						<line number="153" hits="0"/>
					</lines>
				</class>
			</classes>
		</package>
	</packages>
</coverage>
